*** Using Compiler 'V6.16', folder: 'C:\Keil_v5\ARM\ARMCLANG\Bin'
Rebuild target '26ti_MSPM0G3507'
compiling main.c...
*** Error: Failed to create temporary file name'
compiling GRAYSCALE.c...
*** Error: Failed to create temporary file name'
assembling startup_mspm0g350x_uvision.s...
*** Error: Failed to create temporary file name'
compiling MPU6050.c...
*** Error: Failed to create temporary file name'
compiling ENCODER.c...
*** Error: Failed to create temporary file name'
compiling OLED.c...
*** Error: Failed to create temporary file name'
compiling MOTOR.c...
*** Error: Failed to create temporary file name'
compiling BUZZER.c...
*** Error: Failed to create temporary file name'
compiling ti_msp_dl_config.c...
*** Error: Failed to create temporary file name'
compiling Hardware.c...
*** Error: Failed to create temporary file name'
Could not create temporary file ''
Could not create temporary file ''
".\Objects\26ti.axf" - 0 Error(s), 0 Warning(s).
Target not created.
Build Time Elapsed:  00:00:00
